<?xml version="1.0" encoding="UTF-8"?>
<!-- Generated by org.testng.reporters.JUnitReportReporter -->
<testsuite hostname="LTIN388071" failures="0" tests="1" name="ApachePOI.Assignment.ExcelDataProcessor2" time="0.213" errors="0" timestamp="2024-05-14T14:31:35 IST" skipped="0">
  <testcase classname="ApachePOI.Assignment.ExcelDataProcessor2" name="DataProcessor" time="0.213"/>
  <system-out/>
</testsuite> <!-- ApachePOI.Assignment.ExcelDataProcessor2 -->
