<?xml version="1.0" encoding="UTF-8"?>
<!-- Generated by org.testng.reporters.JUnitReportReporter -->
<testsuite hostname="LTIN388071" failures="0" tests="1" name="ApachePOI.Assignment.ExcelDataProcessor" time="0.728" errors="0" timestamp="2024-05-12T07:26:33 IST" skipped="0">
  <testcase classname="ApachePOI.Assignment.ExcelDataProcessor" name="DataProcessor" time="0.728"/>
  <system-out/>
</testsuite> <!-- ApachePOI.Assignment.ExcelDataProcessor -->
