<?xml version="1.0" encoding="UTF-8"?>
<!-- Generated by org.testng.reporters.JUnitReportReporter -->
<testsuite hostname="LTIN388071" failures="0" tests="1" name="ApachePOI.Assignment.ExcelDataProcessor" time="1.221" errors="0" timestamp="2024-05-10T17:34:42 IST" skipped="0">
  <testcase classname="ApachePOI.Assignment.ExcelDataProcessor" name="DataProcessor" time="1.221"/>
  <system-out/>
</testsuite> <!-- ApachePOI.Assignment.ExcelDataProcessor -->
